time="2024-02-17T16:54:06+02:00" level=info msg="create router" func="main.main()" file="app.go:15"
time="2024-02-17T16:54:06+02:00" level=info msg="register user handler" func="main.main()" file="app.go:18"
time="2024-02-17T16:54:06+02:00" level=info msg="start application" func="main.start()" file="app.go:26"
time="2024-02-17T16:54:06+02:00" level=info msg="server is listening port 0.0.0.0:1234" func="main.start()" file="app.go:40"
time="2024-02-17T16:54:16+02:00" level=info msg="create router" func="main.main()" file="app.go:15"
time="2024-02-17T16:54:16+02:00" level=info msg="register user handler" func="main.main()" file="app.go:18"
time="2024-02-17T16:54:16+02:00" level=info msg="start application" func="main.start()" file="app.go:26"
time="2024-02-17T16:54:16+02:00" level=info msg="server is listening port 0.0.0.0:1234" func="main.start()" file="app.go:40"
time="2024-02-17T17:27:08+02:00" level=info msg="create router" func="main.main()" file="app.go:15"
time="2024-02-17T17:27:08+02:00" level=info msg="register user handler" func="main.main()" file="app.go:18"
time="2024-02-17T17:27:08+02:00" level=info msg="start application" func="main.start()" file="app.go:26"
time="2024-02-17T17:27:08+02:00" level=info msg="server is listening port 0.0.0.0:1234" func="main.start()" file="app.go:40"
time="2024-02-17T18:31:57+02:00" level=info msg="create router" func="main.main()" file="app.go:20"
time="2024-02-17T18:31:57+02:00" level=info msg="read application configuration" func="rest-api_train/internal/config.GetConfig.func1()" file="config.go:24"
time="2024-02-17T18:31:57+02:00" level=info msg="register user handler" func="main.main()" file="app.go:25"
time="2024-02-17T18:31:57+02:00" level=info msg="start application" func="main.start()" file="app.go:33"
time="2024-02-17T18:31:57+02:00" level=info msg="listen tcp" func="main.start()" file="app.go:51"
time="2024-02-17T18:31:57+02:00" level=info msg="server is listening port 0.0.0.0:10000" func="main.start()" file="app.go:64"
time="2024-02-17T18:34:02+02:00" level=info msg="create router" func="main.main()" file="app.go:20"
time="2024-02-17T18:34:02+02:00" level=info msg="read application configuration" func="rest-api_train/internal/config.GetConfig.func1()" file="config.go:24"
time="2024-02-17T18:34:02+02:00" level=info msg="register user handler" func="main.main()" file="app.go:25"
time="2024-02-17T18:34:02+02:00" level=info msg="start application" func="main.start()" file="app.go:33"
time="2024-02-17T18:34:02+02:00" level=info msg="create socket" func="main.start()" file="app.go:43"
time="2024-02-17T18:34:02+02:00" level=debug msg="socket path: /home/santi/.cache/JetBrains/GoLand2023.3/tmp/GoLand/app.sock" func="main.start()" file="app.go:45"
time="2024-02-17T18:34:02+02:00" level=info msg="listen unix socket" func="main.start()" file="app.go:47"
time="2024-02-17T18:34:02+02:00" level=info msg="server is listening port 127.0.0.1:8080" func="main.start()" file="app.go:64"
time="2024-02-17T18:37:59+02:00" level=info msg="create router" func="main.main()" file="app.go:20"
time="2024-02-17T18:37:59+02:00" level=info msg="read application configuration" func="rest-api_train/internal/config.GetConfig.func1()" file="config.go:24"
time="2024-02-17T18:37:59+02:00" level=info msg="register user handler" func="main.main()" file="app.go:25"
time="2024-02-17T18:37:59+02:00" level=info msg="start application" func="main.start()" file="app.go:33"
time="2024-02-17T18:37:59+02:00" level=info msg="detect app path" func="main.start()" file="app.go:39"
time="2024-02-17T18:37:59+02:00" level=info msg="create socket" func="main.start()" file="app.go:44"
time="2024-02-17T18:37:59+02:00" level=info msg="listen unix socket" func="main.start()" file="app.go:47"
time="2024-02-17T18:37:59+02:00" level=info msg="server is listening unix socket: /home/santi/go/src/rest-api_training/build/app.sock" func="main.start()" file="app.go:49"
time="2024-02-17T21:57:35+02:00" level=info msg="create router" func="main.main()" file="app.go:23"
time="2024-02-17T21:57:35+02:00" level=info msg="read application configuration" func="rest-api_train/internal/config.GetConfig.func1()" file="config.go:33"
time="2024-02-17T21:58:05+02:00" level=info msg="create router" func="main.main()" file="app.go:23"
time="2024-02-17T21:58:05+02:00" level=info msg="read application configuration" func="rest-api_train/internal/config.GetConfig.func1()" file="config.go:33"
time="2024-02-18T10:43:41+02:00" level=info msg="create router" func="main.main()" file="app.go:23"
time="2024-02-18T10:43:41+02:00" level=info msg="read application configuration" func="rest-api_train/internal/config.GetConfig.func1()" file="config.go:33"
time="2024-02-18T10:44:39+02:00" level=debug msg="create user" func="rest-api_train/internal/user/db.(*db).Create()" file="mongodb.go:20"
time="2024-02-18T10:46:36+02:00" level=info msg="create router" func="main.main()" file="app.go:23"
time="2024-02-18T10:46:36+02:00" level=info msg="read application configuration" func="rest-api_train/internal/config.GetConfig.func1()" file="config.go:33"
time="2024-02-18T10:47:51+02:00" level=debug msg="create user" func="rest-api_train/internal/user/db.(*db).Create()" file="mongodb.go:20"
time="2024-02-18T10:47:51+02:00" level=debug msg="convert InsertedID to ObjectID" func="rest-api_train/internal/user/db.(*db).Create()" file="mongodb.go:26"
time="2024-02-18T10:48:05+02:00" level=info msg=65d1c437169947251b54faeb func="main.main()" file="app.go:46"
time="2024-02-18T10:48:05+02:00" level=info msg="register user handler" func="main.main()" file="app.go:48"
time="2024-02-18T11:07:39+02:00" level=info msg="create router" func="main.main()" file="app.go:23"
time="2024-02-18T11:07:39+02:00" level=info msg="read application configuration" func="rest-api_train/internal/config.GetConfig.func1()" file="config.go:33"
time="2024-02-18T11:07:41+02:00" level=debug msg="create user" func="rest-api_train/internal/user/db.(*db).Create()" file="mongodb.go:20"
time="2024-02-18T11:07:42+02:00" level=debug msg="convert InsertedID to ObjectID" func="rest-api_train/internal/user/db.(*db).Create()" file="mongodb.go:26"
time="2024-02-18T11:07:42+02:00" level=info msg=65d1c8ddb2360e863f6c8f30 func="main.main()" file="app.go:46"
time="2024-02-18T11:07:42+02:00" level=info msg="register user handler" func="main.main()" file="app.go:48"
time="2024-02-18T11:08:08+02:00" level=info msg="start application" func="main.start()" file="app.go:56"
time="2024-02-18T11:08:15+02:00" level=info msg="create router" func="main.main()" file="app.go:23"
time="2024-02-18T11:08:15+02:00" level=info msg="read application configuration" func="rest-api_train/internal/config.GetConfig.func1()" file="config.go:33"
time="2024-02-18T11:08:15+02:00" level=debug msg="create user" func="rest-api_train/internal/user/db.(*db).Create()" file="mongodb.go:20"
time="2024-02-18T11:08:15+02:00" level=debug msg="convert InsertedID to ObjectID" func="rest-api_train/internal/user/db.(*db).Create()" file="mongodb.go:26"
time="2024-02-18T11:08:15+02:00" level=info msg=65d1c8ff28bfd38594387eb1 func="main.main()" file="app.go:46"
time="2024-02-18T11:08:15+02:00" level=info msg="register user handler" func="main.main()" file="app.go:48"
time="2024-02-18T11:08:15+02:00" level=info msg="start application" func="main.start()" file="app.go:56"
time="2024-02-18T11:08:15+02:00" level=info msg="detect app path" func="main.start()" file="app.go:62"
time="2024-02-18T11:08:15+02:00" level=info msg="create socket" func="main.start()" file="app.go:67"
time="2024-02-18T11:08:15+02:00" level=info msg="listen unix socket" func="main.start()" file="app.go:70"
time="2024-02-18T11:08:15+02:00" level=info msg="server is listening unix socket: /home/santi/go/src/rest-api_training/build/app.sock" func="main.start()" file="app.go:72"
time="2024-02-18T11:08:15+02:00" level=fatal msg="listen unix /home/santi/go/src/rest-api_training/build/app.sock: bind: address already in use" func="main.start()" file="app.go:81"
time="2024-02-18T12:49:25+02:00" level=info msg="create router" func="main.main()" file="app.go:23"
time="2024-02-18T12:49:25+02:00" level=info msg="read application configuration" func="rest-api_train/internal/config.GetConfig.func1()" file="config.go:33"
time="2024-02-18T12:49:57+02:00" level=info msg="create router" func="main.main()" file="app.go:23"
time="2024-02-18T12:49:57+02:00" level=info msg="read application configuration" func="rest-api_train/internal/config.GetConfig.func1()" file="config.go:33"
time="2024-02-18T12:50:12+02:00" level=debug msg="create user" func="rest-api_train/internal/user/db.(*db).Create()" file="mongodb.go:20"
time="2024-02-18T12:50:12+02:00" level=debug msg="convert InsertedID to ObjectID" func="rest-api_train/internal/user/db.(*db).Create()" file="mongodb.go:26"
time="2024-02-18T12:50:13+02:00" level=info msg=65d1e0e4ddbc9623093cd7e9 func="main.main()" file="app.go:46"
time="2024-02-18T12:50:15+02:00" level=debug msg="create user" func="rest-api_train/internal/user/db.(*db).Create()" file="mongodb.go:20"
time="2024-02-18T12:50:15+02:00" level=debug msg="convert InsertedID to ObjectID" func="rest-api_train/internal/user/db.(*db).Create()" file="mongodb.go:26"
time="2024-02-18T12:50:16+02:00" level=info msg=65d1e0e7ddbc9623093cd7ea func="main.main()" file="app.go:58"
time="2024-02-18T12:50:20+02:00" level=trace msg="Matched 1 documents and Modified 1 documents" func="rest-api_train/internal/user/db.(*db).Update()" file="mongodb.go:90"
time="2024-02-18T12:50:22+02:00" level=trace msg="Deleted 1 documents " func="rest-api_train/internal/user/db.(*db).Delete()" file="mongodb.go:111"
time="2024-02-18T12:50:53+02:00" level=info msg="create router" func="main.main()" file="app.go:23"
time="2024-02-18T12:50:53+02:00" level=info msg="read application configuration" func="rest-api_train/internal/config.GetConfig.func1()" file="config.go:33"
time="2024-02-18T12:50:55+02:00" level=debug msg="create user" func="rest-api_train/internal/user/db.(*db).Create()" file="mongodb.go:20"
time="2024-02-18T12:50:55+02:00" level=debug msg="convert InsertedID to ObjectID" func="rest-api_train/internal/user/db.(*db).Create()" file="mongodb.go:26"
time="2024-02-18T12:50:55+02:00" level=info msg=65d1e10f5fc8a35f0813d599 func="main.main()" file="app.go:46"
time="2024-02-18T12:50:56+02:00" level=debug msg="create user" func="rest-api_train/internal/user/db.(*db).Create()" file="mongodb.go:20"
time="2024-02-18T12:50:56+02:00" level=debug msg="convert InsertedID to ObjectID" func="rest-api_train/internal/user/db.(*db).Create()" file="mongodb.go:26"
time="2024-02-18T12:50:57+02:00" level=info msg=65d1e1105fc8a35f0813d59a func="main.main()" file="app.go:58"
time="2024-02-18T12:52:06+02:00" level=trace msg="Matched 1 documents and Modified 1 documents" func="rest-api_train/internal/user/db.(*db).Update()" file="mongodb.go:90"
time="2024-02-18T12:52:42+02:00" level=trace msg="Deleted 1 documents " func="rest-api_train/internal/user/db.(*db).Delete()" file="mongodb.go:111"
time="2024-02-18T15:48:11+02:00" level=info msg="create router" func="main.main()" file="app.go:23"
time="2024-02-18T15:48:11+02:00" level=info msg="read application configuration" func="rest-api_train/internal/config.GetConfig.func1()" file="config.go:33"
time="2024-02-18T15:49:16+02:00" level=info msg="create router" func="main.main()" file="app.go:23"
time="2024-02-18T15:49:16+02:00" level=info msg="read application configuration" func="rest-api_train/internal/config.GetConfig.func1()" file="config.go:33"
time="2024-02-18T15:53:59+02:00" level=info msg="register user handler" func="main.main()" file="app.go:39"
time="2024-02-18T15:53:59+02:00" level=info msg="start application" func="main.start()" file="app.go:47"
time="2024-02-18T15:53:59+02:00" level=info msg="detect app path" func="main.start()" file="app.go:53"
time="2024-02-18T15:53:59+02:00" level=info msg="create socket" func="main.start()" file="app.go:58"
time="2024-02-18T15:53:59+02:00" level=info msg="listen unix socket" func="main.start()" file="app.go:61"
time="2024-02-18T15:53:59+02:00" level=info msg="server is listening unix socket: /home/santi/go/src/rest-api_training/build/app.sock" func="main.start()" file="app.go:63"
time="2024-02-18T15:53:59+02:00" level=fatal msg="listen unix /home/santi/go/src/rest-api_training/build/app.sock: bind: address already in use" func="main.start()" file="app.go:72"
time="2024-02-18T16:43:59+02:00" level=info msg="create router" func="main.main()" file="app.go:20"
time="2024-02-18T16:43:59+02:00" level=info msg="read application configuration" func="rest-api_train/internal/config.GetConfig.func1()" file="config.go:33"
time="2024-02-18T16:43:59+02:00" level=info msg="register user handler" func="main.main()" file="app.go:33"
time="2024-02-18T16:43:59+02:00" level=info msg="start application" func="main.start()" file="app.go:41"
time="2024-02-18T16:43:59+02:00" level=info msg="detect app path" func="main.start()" file="app.go:47"
time="2024-02-18T16:43:59+02:00" level=info msg="create socket" func="main.start()" file="app.go:52"
time="2024-02-18T16:43:59+02:00" level=info msg="listen unix socket" func="main.start()" file="app.go:55"
time="2024-02-18T16:43:59+02:00" level=info msg="server is listening unix socket: /home/santi/go/src/rest-api_training/build/app.sock" func="main.start()" file="app.go:57"
time="2024-02-18T16:43:59+02:00" level=fatal msg="listen unix /home/santi/go/src/rest-api_training/build/app.sock: bind: address already in use" func="main.start()" file="app.go:66"
time="2024-02-18T16:46:03+02:00" level=info msg="create router" func="main.main()" file="app.go:20"
time="2024-02-18T16:46:03+02:00" level=info msg="read application configuration" func="rest-api_train/internal/config.GetConfig.func1()" file="config.go:33"
time="2024-02-18T16:46:03+02:00" level=info msg="register user handler" func="main.main()" file="app.go:33"
time="2024-02-18T16:46:03+02:00" level=info msg="start application" func="main.start()" file="app.go:41"
time="2024-02-18T16:46:03+02:00" level=info msg="listen tcp" func="main.start()" file="app.go:60"
time="2024-02-18T16:46:03+02:00" level=info msg="server is listening port 127.0.0.1:10000" func="main.start()" file="app.go:62"
time="2024-02-18T16:46:21+02:00" level=info msg="create router" func="main.main()" file="app.go:20"
time="2024-02-18T16:46:21+02:00" level=info msg="read application configuration" func="rest-api_train/internal/config.GetConfig.func1()" file="config.go:33"
time="2024-02-18T16:46:21+02:00" level=info msg="register user handler" func="main.main()" file="app.go:33"
time="2024-02-18T16:46:21+02:00" level=info msg="start application" func="main.start()" file="app.go:41"
time="2024-02-18T16:46:21+02:00" level=info msg="listen tcp" func="main.start()" file="app.go:60"
time="2024-02-18T16:46:21+02:00" level=info msg="server is listening port 127.0.0.1:1234" func="main.start()" file="app.go:62"
time="2024-02-18T16:49:50+02:00" level=info msg="create router" func="main.main()" file="app.go:20"
time="2024-02-18T16:49:50+02:00" level=info msg="read application configuration" func="rest-api_train/internal/config.GetConfig.func1()" file="config.go:33"
time="2024-02-18T16:49:50+02:00" level=info msg="register user handler" func="main.main()" file="app.go:33"
time="2024-02-18T16:49:50+02:00" level=info msg="start application" func="main.start()" file="app.go:41"
time="2024-02-18T16:49:50+02:00" level=info msg="listen tcp" func="main.start()" file="app.go:60"
time="2024-02-18T16:49:50+02:00" level=info msg="server is listening port 127.0.0.1:1234" func="main.start()" file="app.go:62"
time="2024-02-18T16:50:23+02:00" level=info msg="create router" func="main.main()" file="app.go:20"
time="2024-02-18T16:50:23+02:00" level=info msg="read application configuration" func="rest-api_train/internal/config.GetConfig.func1()" file="config.go:33"
time="2024-02-18T16:50:23+02:00" level=info msg="register user handler" func="main.main()" file="app.go:33"
time="2024-02-18T16:50:23+02:00" level=info msg="start application" func="main.start()" file="app.go:41"
time="2024-02-18T16:50:23+02:00" level=info msg="listen tcp" func="main.start()" file="app.go:60"
time="2024-02-18T16:50:23+02:00" level=info msg="server is listening port 127.0.0.1:1234" func="main.start()" file="app.go:62"
time="2024-02-18T16:53:14+02:00" level=info msg="create router" func="main.main()" file="app.go:20"
time="2024-02-18T16:53:14+02:00" level=info msg="read application configuration" func="rest-api_train/internal/config.GetConfig.func1()" file="config.go:33"
time="2024-02-18T16:53:14+02:00" level=info msg="register user handler" func="main.main()" file="app.go:33"
time="2024-02-18T16:53:14+02:00" level=info msg="start application" func="main.start()" file="app.go:41"
time="2024-02-18T16:53:14+02:00" level=info msg="listen tcp" func="main.start()" file="app.go:60"
time="2024-02-18T16:53:14+02:00" level=info msg="server is listening port 127.0.0.1:1234" func="main.start()" file="app.go:62"
time="2024-02-18T17:03:17+02:00" level=info msg="create router" func="main.main()" file="app.go:20"
time="2024-02-18T17:03:17+02:00" level=info msg="read application configuration" func="rest-api_train/internal/config.GetConfig.func1()" file="config.go:33"
time="2024-02-18T17:03:17+02:00" level=info msg="register user handler" func="main.main()" file="app.go:33"
time="2024-02-18T17:03:17+02:00" level=info msg="start application" func="main.start()" file="app.go:41"
time="2024-02-18T17:03:17+02:00" level=info msg="listen tcp" func="main.start()" file="app.go:60"
time="2024-02-18T17:03:17+02:00" level=info msg="server is listening port 127.0.0.1:1234" func="main.start()" file="app.go:62"
